TN:
SF:src\ts\functions.ts
FN:3,(anonymous_0)
FN:4,(anonymous_1)
FNF:2
FNH:2
FNDA:3,(anonymous_0)
FNDA:5,(anonymous_1)
DA:3,1
DA:4,3
DA:5,5
DA:6,3
DA:7,1
DA:9,0
DA:11,2
DA:12,0
DA:14,0
LF:9
LH:6
BRDA:3,0,0,2
BRDA:5,1,0,3
BRDA:5,1,1,2
BRDA:6,2,0,2
BRDA:7,3,0,1
BRDA:11,4,0,2
BRDA:12,5,0,0
BRF:7
BRH:6
end_of_record
TN:
SF:src\ts\main.ts
FNF:0
FNH:0
DA:1,0
DA:3,0
LF:2
LH:0
BRF:0
BRH:0
end_of_record
TN:
SF:src\ts\movieApp.ts
FN:6,(anonymous_0)
FN:8,(anonymous_1)
FN:14,handleSubmit
FN:36,(anonymous_3)
FN:54,(anonymous_4)
FNF:5
FNH:3
FNDA:0,(anonymous_0)
FNDA:0,(anonymous_1)
FNDA:3,handleSubmit
FNDA:2,(anonymous_3)
FNDA:3,(anonymous_4)
DA:2,1
DA:4,1
DA:6,1
DA:7,0
DA:8,0
DA:9,0
DA:10,0
DA:14,1
DA:15,3
DA:18,3
DA:21,3
DA:23,3
DA:24,3
DA:26,2
DA:27,1
DA:29,1
DA:32,1
DA:36,1
DA:37,2
DA:38,3
DA:39,3
DA:40,3
DA:42,3
DA:43,3
DA:44,3
DA:45,3
DA:47,3
DA:48,3
DA:50,3
DA:54,1
DA:55,3
DA:57,3
DA:59,3
LF:33
LH:29
BRDA:26,0,0,1
BRDA:26,0,1,1
BRF:2
BRH:2
end_of_record
TN:
SF:src\ts\services\movieService.ts
FN:5,(anonymous_1)
FN:8,(anonymous_2)
FN:11,(anonymous_3)
FNF:3
FNH:3
FNDA:3,(anonymous_1)
FNDA:2,(anonymous_2)
FNDA:1,(anonymous_3)
DA:3,2
DA:5,2
DA:6,3
DA:9,2
DA:12,1
LF:5
LH:5
BRF:0
BRH:0
end_of_record
